\BOOKMARK [1][-]{section.1}{\376\377\000P\000y\000t\000h\000o\000n\000\040\000P\000r\000o\000g\000r\000a\000m\000m\000i\000n\000g\000\040\000f\000o\000r\000\040\000R\000e\000a\000l\000\040\000W\000o\000r\000l\000d\000\040\000D\000a\000t\000a\000\040\000A\000n\000a\000l\000y\000t\000i\000c\000s\000\040\000a\000n\000d\000\040\000G\000U\000I\000\040\000D\000e\000v\000e\000l\000o\000p\000m\000e\000n\000t}{}% 1
\BOOKMARK [2][-]{subsection.1.1}{\376\377\000S\000O\000F\000T\0004\0000\0001\0006\0001\000\040\000-\000\040\000I\000n\000t\000r\000o\000d\000u\000c\000t\000i\000o\000n\000\040\000t\000o\000\040\000C\000o\000m\000p\000u\000t\000e\000r\000\040\000P\000r\000o\000g\000r\000a\000m\000m\000i\000n\000g}{section.1}% 2
\BOOKMARK [3][-]{subsubsection.1.1.1}{\376\377\000S\000u\000b\000m\000i\000s\000s\000i\000o\000n\000\040\000o\000f\000\040\000t\000h\000e\000\040\000C\000o\000u\000r\000s\000e\000w\000o\000r\000k}{subsection.1.1}% 3
\BOOKMARK [2][-]{subsection.1.2}{\376\377\000N\000a\000m\000e\000:}{section.1}% 4
\BOOKMARK [2][-]{subsection.1.3}{\376\377\000N\000T\000U\000\040\000I\000D\000:}{section.1}% 5
\BOOKMARK [2][-]{subsection.1.4}{\376\377\000S\000t\000a\000r\000t\000\040\000y\000o\000u\000r\000\040\000a\000n\000s\000w\000e\000r\000\040\000h\000e\000r\000e\000-}{section.1}% 6
\BOOKMARK [2][-]{subsection.1.5}{\376\377\000I\000n\000t\000r\000o\000d\000u\000c\000t\000i\000o\000n}{section.1}% 7
\BOOKMARK [3][-]{subsubsection.1.5.1}{\376\377\000F\000u\000n\000c\000t\000i\000o\000n\000\040\000t\000o\000\040\000i\000m\000p\000o\000r\000t\000\040\000d\000a\000t\000a\000s\000e\000t}{subsection.1.5}% 8
\BOOKMARK [1][-]{section.2}{\376\377\000S\000e\000c\000t\000i\000o\000n\000\040\0001\000:\000\040\000C\000o\000n\000t\000r\000o\000l\000\040\000S\000t\000r\000u\000c\000t\000u\000r\000e\000s\000\040\000\050\0001\0002\000\040\000m\000a\000r\000k\000s\000\051}{}% 9
\BOOKMARK [2][-]{subsection.2.1}{\376\377\000E\000x\000p\000l\000a\000n\000a\000t\000i\000o\000n\000\040\000a\000n\000d\000\040\000D\000o\000c\000u\000m\000e\000n\000t\000a\000t\000i\000o\000n}{section.2}% 10
\BOOKMARK [3][-]{subsubsection.2.1.1}{\376\377\000R\000e\000a\000l\000\040\000W\000o\000r\000l\000d\000\040\000P\000r\000o\000b\000l\000e\000m}{subsection.2.1}% 11
\BOOKMARK [3][-]{subsubsection.2.1.2}{\376\377\000S\000u\000m\000m\000a\000r\000i\000s\000i\000n\000g\000\040\000t\000h\000e\000\040\000d\000a\000t\000a\000s\000e\000t}{subsection.2.1}% 12
\BOOKMARK [3][-]{subsubsection.2.1.3}{\376\377\000C\000o\000n\000t\000r\000o\000l\000\040\000S\000t\000r\000u\000c\000t\000u\000r\000e\000s\000\040\000U\000s\000e}{subsection.2.1}% 13
\BOOKMARK [2][-]{subsection.2.2}{\376\377\000R\000e\000f\000l\000e\000c\000t\000i\000o\000n\000\040\000o\000n\000\040\000r\000e\000s\000u\000l\000t\000s}{section.2}% 14
\BOOKMARK [3][-]{subsubsection.2.2.1}{\376\377\000K\000e\000y\000\040\000F\000i\000n\000d\000i\000n\000g\000s\000\040\000a\000n\000d\000\040\000R\000e\000f\000l\000e\000c\000t\000i\000o\000n}{subsection.2.2}% 15
\BOOKMARK [3][-]{subsubsection.2.2.2}{\376\377\000L\000i\000m\000i\000t\000a\000t\000i\000o\000n\000s}{subsection.2.2}% 16
\BOOKMARK [1][-]{section.3}{\376\377\000S\000e\000c\000t\000i\000o\000n\000\040\0002\000:\000\040\000F\000u\000n\000c\000t\000i\000o\000n\000s\000\040\000a\000n\000d\000\040\000M\000o\000d\000u\000l\000e\000s\000\040\000\050\0001\0006\000\040\000m\000a\000r\000k\000s\000\051}{}% 17
\BOOKMARK [2][-]{subsection.3.1}{\376\377\000E\000x\000p\000l\000a\000n\000a\000t\000i\000o\000n\000\040\000a\000n\000d\000\040\000D\000o\000c\000u\000m\000e\000n\000t\000a\000t\000i\000o\000n}{section.3}% 18
\BOOKMARK [3][-]{subsubsection.3.1.1}{\376\377\000F\000u\000n\000c\000t\000i\000o\000n\000\040\000D\000e\000t\000a\000i\000l\000s}{subsection.3.1}% 19
\BOOKMARK [3][-]{subsubsection.3.1.2}{\376\377\000R\000a\000t\000i\000o\000n\000a\000l\000e\000\040\000f\000o\000r\000\040\000m\000o\000d\000u\000l\000a\000r\000i\000s\000i\000n\000g\000\040\000c\000o\000d\000e}{subsection.3.1}% 20
\BOOKMARK [3][-]{subsubsection.3.1.3}{\376\377\000U\000s\000e\000\040\000o\000f\000\040\000e\000x\000t\000e\000r\000n\000a\000l\000\040\000m\000o\000d\000u\000l\000e\000s}{subsection.3.1}% 21
\BOOKMARK [2][-]{subsection.3.2}{\376\377\000R\000e\000f\000l\000e\000c\000t\000i\000o\000n\000\040\000o\000n\000\040\000r\000e\000s\000u\000l\000t\000s}{section.3}% 22
\BOOKMARK [3][-]{subsubsection.3.2.1}{\376\377\000P\000r\000o\000j\000e\000c\000t\000\040\000C\000o\000n\000t\000r\000i\000b\000u\000t\000e}{subsection.3.2}% 23
\BOOKMARK [1][-]{section.4}{\376\377\000S\000e\000c\000t\000i\000o\000n\000\040\0003\000:\000\040\000D\000a\000t\000a\000\040\000H\000a\000n\000d\000l\000i\000n\000g\000\040\000w\000i\000t\000h\000\040\000P\000a\000n\000d\000a\000s\000\040\000\050\0001\0006\000\040\000m\000a\000r\000k\000s\000\051}{}% 24
\BOOKMARK [2][-]{subsection.4.1}{\376\377\000E\000x\000p\000l\000a\000n\000a\000t\000i\000o\000n\000\040\000a\000n\000d\000\040\000D\000o\000c\000u\000m\000e\000n\000t\000a\000t\000i\000o\000n}{section.4}% 25
\BOOKMARK [3][-]{subsubsection.4.1.1}{\376\377\000D\000a\000t\000a\000\040\000h\000a\000n\000d\000l\000i\000n\000g\000\040\000p\000r\000o\000c\000e\000s\000s\000e\000s}{subsection.4.1}% 26
